<?xml version="1.0" encoding="UTF-8"?>
<!-- Generated by org.testng.reporters.JUnitReportReporter -->
<testsuite skipped="0" hostname="DESKTOP-9BMLCIN" name="maven_sel.maven_class" tests="1" failures="0" timestamp="16 Oct 2018 06:58:39 GMT" time="0.015" errors="0">
  <testcase name="print" time="0.015" classname="maven_sel.maven_class"/>
</testsuite> <!-- maven_sel.maven_class -->
